----------------------------------------------- GradientBoostingRegressor
--- 'economy_per_capita', 'family', 'life_expectancy','freedom', 'government_corruption', 'generosity', 'year' - unajusted data
INFO:root:[0, 0, 0.8293079345896694]
INFO:root:[0, 15, 0.8460206030039212]
INFO:root:[0, 41, 0.8464559127028303]
INFO:root:[0, 116, 0.8538600764487624]
INFO:root:[2, 116, 0.8557214359806956]
--- 'economy_per_capita', 'family', 'life_expectancy', 'year', 'government_corruption' - unajusted data:
INFO:root:[0, 0, 0.8090000434814912]
INFO:root:[0, 15, 0.8150925935284916]
INFO:root:[0, 28, 0.8210844919555307]
INFO:root:[0, 113, 0.8260678933147005]
INFO:root:[0, 116, 0.8272342354170337]
INFO:root:[1, 116, 0.8276619254815142]
--- 'economy_per_capita', 'family', 'life_expectancy' - unajusted data:
INFO:root:[0, 0, 0.7546259927772625]INFO:root:[5, 116, 0.7824362520951004]
INFO:root:[8, 116, 0.7824526870877169]
INFO:root:[13, 116, 0.7829279430437146]
----------------------------------------------- RandomForestRegressor
------- Best result record
INFO:root:[3, 0, 0.8041865196778768]
INFO:root:[3, 15, 0.8064400394995191]
INFO:root:[3, 28, 0.816783022050206]
INFO:root:[3, 113, 0.8169922192892237]
INFO:root:[3, 116, 0.8249265072064156]
INFO:root:[3, 125, 0.8299131893976287]
INFO:root:[9, 116, 0.8311886760328502]
INFO:root:[14, 116, 0.8314558086981256]
------- Result using less columns
n_estimator = 165
random_state of RandomForestRegressor = 3
random_state of train_test_split = 125
['economy_per_capita', 'family', 'life_expectancy', 'year', 'government_corruption'] - unajusted data
r2 = 0.8314558086981256
------- Result using less columns
------ ['economy_per_capita', 'family', 'life_expectancy','freedom', 'government_corruption', 'generosity', 'year'] - ajusted data
INFO:root:[0, 0, 0.7523823689196266]
INFO:root:[0, 3, 0.7583866110545324]
INFO:root:[0, 4, 0.7697538661974492]
INFO:root:[0, 10, 0.7981291331832016]
INFO:root:[0, 45, 0.7997887012436456]
INFO:root:[0, 46, 0.8202174715885219]
INFO:root:[0, 73, 0.8312090189116518]
INFO:root:[1, 73, 0.834685378424709]
INFO:root:[4, 73, 0.8366558387961441]
------ ['economy_per_capita', 'family', 'life_expectancy','freedom'] - ajusted data
INFO:root:[0, 0, 0.7122355196290282]
INFO:root:[0, 1, 0.7338446690016722]
INFO:root:[0, 3, 0.7355531485114171]
INFO:root:[0, 8, 0.735739878781613]
INFO:root:[0, 10, 0.7736965655153127]
INFO:root:[0, 15, 0.7962740501995351]
INFO:root:[0, 133, 0.7974203385781785]
INFO:root:[1, 133, 0.7994600842865862]
INFO:root:[0, 0, 0.7122355196290282]
INFO:root:[0, 1, 0.7338446690016722]
INFO:root:[0, 3, 0.7355531485114171]
INFO:root:[0, 8, 0.735739878781613]
INFO:root:[0, 10, 0.7736965655153127]
INFO:root:[0, 15, 0.7962740501995351]
INFO:root:[0, 133, 0.7974203385781785]
INFO:root:[1, 133, 0.7994600842865862]
INFO:root:[3, 133, 0.8030867098415677]
INFO:root:[6, 133, 0.8032954215922758]
INFO:root:[7, 133, 0.8040985348216847]
INFO:root:[24, 133, 0.8055702697753874]
--- 'economy_per_capita', 'family', 'life_expectancy','freedom', 'government_corruption', 'generosity', 'year' - unajusted data
INFO:root:R2: 0.8594200959282061 | MAE: 0.3397339510036272 | MSE: 0.1770484909150396[3, 125, 0.8594200959282061]
INFO:root:[0, 0, 0.8466728581700066]
INFO:root:[0, 47, 0.8466983754270022]
INFO:root:[0, 50, 0.8480167947529756]
INFO:root:[0, 59, 0.851366018344331]
INFO:root:[1, 59, 0.8517775900473883]
INFO:root:[2, 59, 0.8528455222732475]
INFO:root:[5, 59, 0.8565151714261081]
INFO:root:[33, 59, 0.8579814592977189]
INFO:root:[0, 0, 0.8478876818115836]
INFO:root:[0, 47, 0.8487650543379766]
INFO:root:[0, 50, 0.8501067270422735]
INFO:root:[0, 59, 0.8528731080491515]
INFO:root:[0, 125, 0.8586957696969357]
INFO:root:[3, 125, 0.8607090736820154]
------- Best result record
n_estimator = 165
random_state of RandomForestRegressor = 3
random_state of train_test_split = 125
['economy_per_capita', 'family', 'life_expectancy','freedom', 'government_corruption', 'generosity', 'year'] - unajusted data
r2 = 0.8614328441454778
--- 'economy_per_capita', 'family', 'life_expectancy','freedom', 'government_corruption', 'generosity', 'year' - ajusted data
INFO:root:[3, 0, 0.748821675320164]
INFO:root:[3, 1, 0.7510169497889305]
INFO:root:[3, 3, 0.75669506505987]
INFO:root:[3, 4, 0.7619734462057935]
INFO:root:[3, 10, 0.7931051813098238]
INFO:root:[3, 15, 0.7952895015028109]
INFO:root:[3, 45, 0.795887121740143]
INFO:root:[3, 46, 0.8201184952127389]
INFO:root:[3, 73, 0.8298896803394267]
INFO:root:[4, 73, 0.8366558387961441]
INFO:root:[32, 73, 0.838192919653936]
--- 'economy_per_capita', 'family', 'life_expectancy','freedom', 'government_corruption', 'generosity', 'year' - unajusted data
INFO:root:[3, 0, 0.8440642434768078]
INFO:root:[3, 15, 0.8487992848026858]
INFO:root:[3, 59, 0.8512086791771043]
INFO:root:[3, 116, 0.8529942095121474]
INFO:root:[3, 125, 0.8614328441454778]
INFO:root:[50, 125, 0.8615140154876624]
INFO:root:[100, 0, 0.8445974695399562]
INFO:root:[100, 47, 0.8486399440283848]
INFO:root:[100, 59, 0.8540980028433378]
INFO:root:[100, 125, 0.8556499971783105]
INFO:root:[103, 116, 0.8564875386277918]
INFO:root:[105, 116, 0.8568603414901561]
INFO:root:[105, 125, 0.8569890336172139]
INFO:root:[107, 125, 0.8592502816600373]
INFO:root:[162, 125, 0.8615693764182907]
INFO:root:[200, 0, 0.8485240790574646]
INFO:root:[200, 47, 0.8495945066410533]
INFO:root:[200, 59, 0.851512461229043]
INFO:root:[200, 125, 0.8541423819049276]
INFO:root:[201, 125, 0.854779737664142]
INFO:root:[202, 59, 0.8551232811227965]
INFO:root:[202, 125, 0.856948015979038]
INFO:root:[203, 125, 0.8580743915878055]
INFO:root:[213, 125, 0.8591446386175046]
INFO:root:[250, 125, 0.8595952801651175]
INFO:root:[320, 125, 0.8600315020835874]
INFO:root:[349, 125, 0.8617050662136456]
INFO:root:[371, 125, 0.8622596462102919]
INFO:root:[400, 125, 0.8553422285407011]
INFO:root:[401, 125, 0.8581676108391374]
INFO:root:[424, 125, 0.8584784596164614]
INFO:root:[428, 125, 0.8594553861154357]
INFO:root:[453, 125, 0.8605905717342506]
INFO:root:[466, 125, 0.860651433497328]
INFO:root:[507, 125, 0.8627981738240167]
INFO:root:[700, 125, 0.8584084022742527]
INFO:root:[702, 125, 0.8585499969539343]
INFO:root:[703, 125, 0.8602077126085376]
INFO:root:[824, 125, 0.8606480665568558]
INFO:root:[1073, 125, 0.8610954720912636]
INFO:root:[1126, 125, 0.8613591628752382]
INFO:root:[2052, 125, 0.8623567292322858]
INFO:root:[5452, 125, 0.8651474775171368] ---> Best
---------------------------------- XGBRegressor
--- 'economy_per_capita', 'family', 'life_expectancy','freedom', 'government_corruption', 'generosity', 'year', 'country_region' - unajusted data
INFO:root:[10, 125, 0.8694202591224793]
INFO:root:[15, 125, 0.8716139972571724]
INFO:root:[0, 125, 0.867541591804496]
------------------------------------------- RandomForestRegressor
--- 'economy_per_capita', 'family', 'life_expectancy','freedom', 'government_corruption', 'generosity', 'year', 'country_region' - unajusted data
INFO:root:[100, 0, 0.8445974695399562]
INFO:root:[0, 125, 0.8729116369152031]
INFO:root:[10, 125, 0.8694202591224793]
INFO:root:[15, 125, 0.8716139972571724]
INFO:root:[100, 125, 0.8652724867274886]
INFO:root:[101, 125, 0.8655451312150725]
INFO:root:[102, 125, 0.8667027775565697]
INFO:root:[105, 125, 0.8680008153108892]
INFO:root:[106, 125, 0.8682026024966523]
INFO:root:[107, 125, 0.868889632932261]
INFO:root:[111, 125, 0.8690428179443718]
INFO:root:[116, 125, 0.8694514554805253]
INFO:root:[118, 125, 0.8718116270335365]
INFO:root:[162, 125, 0.873917833001572] ---> Best
INFO:root:[507, 125, 0.87446116560116]
INFO:root:[1326, 125, 0.8740554139815202]
INFO:root:[2052, 125, 0.87451136908556]
INFO:root:[4156, 125, 0.8748874565001151]
INFO:root:[5452, 125, 0.8763139688661433]
